\BOOKMARK [2][-]{subsection.0.1}{\376\377\000I\000n\000t\000r\000o\000d\000u\000c\000t\000i\000o\000n}{}% 1
\BOOKMARK [3][-]{subsubsection.0.1.1}{\376\377\000M\000o\000t\000i\000v\000a\000t\000i\000o\000n\000\040\000a\000n\000d\000\040\000p\000r\000o\000b\000l\000e\000m\000\040\000s\000e\000t\000t\000i\000n\000g}{subsection.0.1}% 2
\BOOKMARK [3][-]{subsubsection.0.1.2}{\376\377\000G\000a\000p\000s\000\040\000i\000n\000\040\000e\000x\000i\000s\000t\000i\000n\000g\000\040\000p\000o\000s\000t\000-\000g\000e\000n\000e\000r\000a\000t\000i\000o\000n\000\040\000c\000o\000n\000t\000r\000o\000l}{subsection.0.1}% 3
\BOOKMARK [3][-]{subsubsection.0.1.3}{\376\377\000P\000R\000I\000S\000M\000\040\000a\000n\000d\000\040\000t\000h\000e\000\040\000r\000o\000l\000e\000\040\000o\000f\000\040\000d\000i\000s\000a\000g\000r\000e\000e\000m\000e\000n\000t}{subsection.0.1}% 4
\BOOKMARK [3][-]{subsubsection.0.1.4}{\376\377\000C\000o\000n\000t\000r\000i\000b\000u\000t\000i\000o\000n\000s}{subsection.0.1}% 5
\BOOKMARK [2][-]{subsection.0.2}{\376\377\000R\000e\000l\000a\000t\000e\000d\000\040\000W\000o\000r\000k}{}% 6
\BOOKMARK [3][-]{subsubsection.0.2.1}{\376\377\000P\000o\000s\000t\000-\000g\000e\000n\000e\000r\000a\000t\000i\000o\000n\000\040\000r\000e\000v\000i\000s\000i\000o\000n\000\040\000a\000n\000d\000\040\000i\000n\000s\000t\000r\000u\000c\000t\000i\000o\000n\000-\000s\000e\000n\000s\000i\000t\000i\000v\000e\000\040\000c\000o\000n\000t\000r\000o\000l}{subsection.0.2}% 7
\BOOKMARK [3][-]{subsubsection.0.2.2}{\376\377\000L\000L\000M\000\040\000j\000u\000d\000g\000e\000s\000\040\000a\000n\000d\000\040\000n\000a\000t\000u\000r\000a\000l\000-\000l\000a\000n\000g\000u\000a\000g\000e\000\040\000d\000i\000s\000c\000r\000i\000m\000i\000n\000a\000t\000o\000r\000s}{subsection.0.2}% 8
\BOOKMARK [3][-]{subsubsection.0.2.3}{\376\377\000S\000a\000f\000e\000t\000y\000,\000\040\000r\000e\000f\000u\000s\000a\000l\000\040\000c\000a\000l\000i\000b\000r\000a\000t\000i\000o\000n\000,\000\040\000a\000n\000d\000\040\000o\000v\000e\000r\000-\000c\000a\000u\000t\000i\000o\000u\000s\000\040\000l\000a\000n\000g\000u\000a\000g\000e}{subsection.0.2}% 9
\BOOKMARK [3][-]{subsubsection.0.2.4}{\376\377\000P\000o\000s\000i\000t\000i\000o\000n\000i\000n\000g\000\040\000t\000h\000e\000\040\000p\000r\000e\000s\000e\000n\000t\000\040\000s\000t\000u\000d\000y}{subsection.0.2}% 10
\BOOKMARK [2][-]{subsection.0.3}{\376\377\000M\000e\000t\000h\000o\000d}{}% 11
\BOOKMARK [3][-]{subsubsection.0.3.1}{\376\377\000P\000r\000o\000b\000l\000e\000m\000\040\000f\000o\000r\000m\000u\000l\000a\000t\000i\000o\000n}{subsection.0.3}% 12
\BOOKMARK [3][-]{subsubsection.0.3.2}{\376\377\000R\000e\000a\000d\000e\000r\000\040\000r\000o\000l\000e\000s\000\040\000a\000s\000\040\000n\000a\000t\000u\000r\000a\000l\000-\000l\000a\000n\000g\000u\000a\000g\000e\000\040\000d\000i\000s\000c\000r\000i\000m\000i\000n\000a\000t\000o\000r\000s}{subsection.0.3}% 13
\BOOKMARK [3][-]{subsubsection.0.3.3}{\376\377\000D\000e\000t\000e\000r\000m\000i\000n\000i\000s\000t\000i\000c\000\040\000g\000a\000t\000e\000\040\000d\000e\000f\000i\000n\000i\000t\000i\000o\000n\000s}{subsection.0.3}% 14
\BOOKMARK [3][-]{subsubsection.0.3.4}{\376\377\000R\000e\000v\000i\000s\000i\000o\000n\000\040\000b\000e\000h\000a\000v\000i\000o\000r\000\040\000a\000n\000d\000\040\000s\000c\000o\000p\000e\000\040\000c\000o\000n\000t\000r\000o\000l}{subsection.0.3}% 15
\BOOKMARK [3][-]{subsubsection.0.3.5}{\376\377\000A\000l\000g\000o\000r\000i\000t\000h\000m\000i\000c\000\040\000s\000u\000m\000m\000a\000r\000y}{subsection.0.3}% 16
\BOOKMARK [2][-]{subsection.0.4}{\376\377\000E\000x\000p\000e\000r\000i\000m\000e\000n\000t\000s}{}% 17
\BOOKMARK [3][-]{subsubsection.0.4.1}{\376\377\000E\000x\000p\000e\000r\000i\000m\000e\000n\000t\000a\000l\000\040\000d\000e\000s\000i\000g\000n}{subsection.0.4}% 18
\BOOKMARK [3][-]{subsubsection.0.4.2}{\376\377\000L\000o\000g\000g\000e\000d\000\040\000m\000e\000t\000r\000i\000c\000\040\000a\000n\000d\000\040\000r\000e\000p\000o\000r\000t\000i\000n\000g\000\040\000p\000r\000o\000t\000o\000c\000o\000l}{subsection.0.4}% 19
\BOOKMARK [3][-]{subsubsection.0.4.3}{\376\377\000S\000e\000t\000u\000p\000\040\000d\000e\000t\000a\000i\000l\000s\000\040\000a\000n\000d\000\040\000r\000e\000p\000r\000o\000d\000u\000c\000i\000b\000i\000l\000i\000t\000y}{subsection.0.4}% 20
\BOOKMARK [3][-]{subsubsection.0.4.4}{\376\377\000A\000n\000t\000i\000c\000i\000p\000a\000t\000e\000d\000\040\000o\000u\000t\000c\000o\000m\000e\000\040\000p\000a\000t\000t\000e\000r\000n\000s}{subsection.0.4}% 21
\BOOKMARK [1][-]{section.1}{\376\377\000!\000[\000F\000i\000g\000u\000r\000e\000\040\0005\000:\000\040\000F\000i\000g\000\040\000D\000u\000a\000l\000\040\000R\000e\000a\000d\000e\000r\000\040\000D\000e\000s\000i\000g\000n\000\040\000C\000o\000m\000p\000a\000r\000i\000s\000o\000n\000]\000\050\000c\000h\000a\000r\000t\000s\000/\000f\000i\000g\000\137\000d\000u\000a\000l\000\137\000r\000e\000a\000d\000e\000r\000\137\000d\000e\000s\000i\000g\000n\000\137\000c\000o\000m\000p\000a\000r\000i\000s\000o\000n\000.\000p\000n\000g\000\051}{}% 22
\BOOKMARK [1][-]{section.2}{\376\377\000R\000e\000s\000u\000l\000t\000s}{}% 23
\BOOKMARK [2][-]{subsubsection.2.0.1}{\376\377\000M\000a\000i\000n\000\040\000a\000g\000g\000r\000e\000g\000a\000t\000e\000\040\000c\000o\000m\000p\000a\000r\000i\000s\000o\000n}{section.2}% 24
\BOOKMARK [3][-]{subsubsection.2.0.2}{\376\377\000E\000n\000t\000r\000y\000-\000l\000e\000v\000e\000l\000\040\000b\000r\000e\000a\000k\000d\000o\000w\000n}{subsubsection.2.0.1}% 25
\BOOKMARK [3][-]{subsubsection.2.0.3}{\376\377\000R\000e\000l\000a\000t\000i\000v\000e\000-\000t\000o\000-\000b\000a\000s\000e\000l\000i\000n\000e\000\040\000a\000n\000a\000l\000y\000s\000i\000s}{subsubsection.2.0.1}% 26
\BOOKMARK [3][-]{subsubsection.2.0.4}{\376\377\000M\000e\000c\000h\000a\000n\000i\000s\000t\000i\000c\000\040\000r\000e\000a\000d\000i\000n\000g\000\040\000o\000f\000\040\000t\000h\000e\000\040\000c\000o\000n\000t\000r\000o\000l\000s}{subsubsection.2.0.1}% 27
\BOOKMARK [3][-]{subsubsection.2.0.5}{\376\377\000S\000u\000m\000m\000a\000r\000y\000\040\000o\000f\000\040\000e\000m\000p\000i\000r\000i\000c\000a\000l\000\040\000f\000i\000n\000d\000i\000n\000g\000s}{subsubsection.2.0.1}% 28
\BOOKMARK [2][-]{subsection.2.1}{\376\377\000D\000i\000s\000c\000u\000s\000s\000i\000o\000n}{section.2}% 29
\BOOKMARK [3][-]{subsubsection.2.1.1}{\376\377\000W\000h\000a\000t\000\040\000t\000h\000e\000\040\000e\000x\000p\000e\000r\000i\000m\000e\000n\000t\000\040\000e\000s\000t\000a\000b\000l\000i\000s\000h\000e\000s}{subsection.2.1}% 30
\BOOKMARK [3][-]{subsubsection.2.1.2}{\376\377\000W\000h\000y\000\040\000p\000a\000r\000a\000p\000h\000r\000a\000s\000e\000\040\000a\000g\000r\000e\000e\000m\000e\000n\000t\000\040\000m\000a\000y\000\040\000w\000i\000n}{subsection.2.1}% 31
\BOOKMARK [3][-]{subsubsection.2.1.3}{\376\377\000W\000h\000a\000t\000\040\000t\000h\000e\000\040\000c\000o\000n\000t\000r\000o\000l\000s\000\040\000r\000e\000v\000e\000a\000l\000\040\000a\000b\000o\000u\000t\000\040\000r\000e\000v\000i\000s\000i\000o\000n\000\040\000p\000o\000l\000i\000c\000y}{subsection.2.1}% 32
\BOOKMARK [3][-]{subsubsection.2.1.4}{\376\377\000B\000r\000o\000a\000d\000e\000r\000\040\000i\000m\000p\000l\000i\000c\000a\000t\000i\000o\000n\000s\000\040\000f\000o\000r\000\040\000d\000e\000p\000l\000o\000y\000e\000d\000\040\000a\000s\000s\000i\000s\000t\000a\000n\000t\000s}{subsection.2.1}% 33
\BOOKMARK [2][-]{subsection.2.2}{\376\377\000L\000i\000m\000i\000t\000a\000t\000i\000o\000n\000s}{section.2}% 34
\BOOKMARK [2][-]{subsection.2.3}{\376\377\000C\000o\000n\000c\000l\000u\000s\000i\000o\000n}{section.2}% 35
\BOOKMARK [2][-]{subsection.2.4}{\376\377\000N\000e\000u\000r\000I\000P\000S\000\040\000P\000a\000p\000e\000r\000\040\000C\000h\000e\000c\000k\000l\000i\000s\000t}{section.2}% 36
